<?xml version="1.0" encoding="UTF-8"?>
<!-- Generated by org.testng.reporters.JUnitReportReporter -->
<testsuite hostname="DESKTOP-2K3DEDH" failures="0" tests="2" name="com.qa.test.GetAPITest" time="2.126" errors="0" timestamp="2020-11-11T09:12:03 IST" skipped="0">
  <testcase classname="com.qa.test.GetAPITest" name="get" time="1.827"/>
  <system-out/>
  <testcase classname="com.qa.test.GetAPITest" name="getAPITestWithHeaders" time="0.299"/>
  <system-out/>
</testsuite> <!-- com.qa.test.GetAPITest -->
