<?xml version="1.0" encoding="UTF-8"?>
<!-- Generated by org.testng.reporters.JUnitReportReporter -->
<testsuite hostname="DESKTOP-2K3DEDH" failures="0" tests="1" name="com.qa.test.PostAPITest" time="2.347" errors="0" timestamp="2020-11-20T19:05:49 IST" skipped="0">
  <testcase classname="com.qa.test.PostAPITest" name="post" time="2.347"/>
  <system-out/>
</testsuite> <!-- com.qa.test.PostAPITest -->
